07/03/2017 03:04:06 PM : javi has logged in
07/03/2017 03:04:10 PM : New mail sent tojavimate19@hotmail.es
07/03/2017 03:05:58 PM : javi has logged in
07/03/2017 03:07:18 PM : javi has logged in
15/03/2017 11:50:35 PM : javi has logged in
15/03/2017 11:51:10 PM : Inserting new word: stubble 
16/03/2017 12:37:02 AM : New mail sent tojavimate19@hotmail.es
17/03/2017 06:11:53 PM : javi has logged in
17/03/2017 06:12:08 PM : Inserting new word: get on it 
17/03/2017 06:12:42 PM : Inserting new word: rustle up 
17/03/2017 07:13:21 PM : Inserting new word: come in handy 
17/03/2017 07:13:58 PM : Inserting new word: grinder 
17/03/2017 07:15:18 PM : Inserting new word: dangle 
17/03/2017 07:16:36 PM : Inserting new word: sambles 
17/03/2017 07:18:26 PM : Inserting new word: clad 
17/03/2017 07:18:56 PM : Inserting new word: apron 
17/03/2017 07:19:58 PM : Inserting new word: rib 
17/03/2017 07:21:25 PM : Inserting new word: hunch (over) 
17/03/2017 07:22:27 PM : Inserting new word: romp 
17/03/2017 07:23:15 PM : Inserting new word: wince 
17/03/2017 07:25:20 PM : Inserting new word: scrape out 
17/03/2017 07:25:38 PM : Inserting new word: scrape 
17/03/2017 07:27:26 PM : Inserting new word: wax 
17/03/2017 07:29:27 PM : Inserting new word: flail, flail around, flail about (UK) 
17/03/2017 07:31:07 PM : Inserting new word: lash out 
17/03/2017 07:33:26 PM : Inserting new word: yell 
17/03/2017 07:34:30 PM : Inserting new word: squirm 
17/03/2017 07:35:34 PM : Inserting new word: yank out 
17/03/2017 07:37:23 PM : Inserting new word: shenanigans 
17/03/2017 07:37:46 PM : Inserting new word: engraving 
17/03/2017 07:38:57 PM : Inserting new word: chink 
17/03/2017 07:39:48 PM : Inserting new word: peer out 
17/03/2017 07:40:47 PM : Inserting new word: dusky 
17/03/2017 07:42:22 PM : Inserting new word: slum 
17/03/2017 07:44:26 PM : Inserting new word: runny 
17/03/2017 07:45:37 PM : Inserting new word: rod 
17/03/2017 07:47:54 PM : Inserting new word: tatters 
17/03/2017 07:48:39 PM : Inserting new word: babble 
17/03/2017 07:49:10 PM : Inserting new word: yapping 
17/03/2017 07:49:28 PM : Inserting new word: yap 
17/03/2017 07:59:06 PM : javi has logged in
17/03/2017 08:01:31 PM : javi has logged in
17/03/2017 08:06:10 PM : New mail sent tojavimate19@hotmail.es
17/03/2017 10:55:47 PM : javi has logged in
17/03/2017 10:56:38 PM : Inserting new word: governess 
17/03/2017 10:58:00 PM : Inserting new word: roof 
17/03/2017 10:58:45 PM : Inserting new word: stop away 
17/03/2017 11:00:42 PM : Inserting new word: quarrel 
17/03/2017 11:02:24 PM : Inserting new word: get hold of 
17/03/2017 11:03:16 PM : Inserting new word: embroider 
17/03/2017 11:03:38 PM : Inserting new word: hem 
17/03/2017 11:04:24 PM : Inserting new word: stretch out 
17/03/2017 11:06:03 PM : Inserting new word: rise up 
17/03/2017 11:06:57 PM : Inserting new word: mutter 
17/03/2017 11:07:28 PM : Inserting new word: betray 
17/03/2017 11:08:10 PM : Inserting new word: careworn 
17/03/2017 11:08:53 PM : Inserting new word: shudder 
18/03/2017 12:11:11 AM : Inserting new word: truthful 
18/03/2017 12:11:43 AM : Inserting new word: pity 
18/03/2017 12:12:17 AM : Inserting new word: lenient 
18/03/2017 12:13:13 AM : Inserting new word: fuss over 
18/03/2017 12:13:51 AM : Inserting new word: forgetfulness 
18/03/2017 12:15:48 AM : Inserting new word: misspelt 
18/03/2017 12:17:10 AM : Inserting new word: whisker (animal), moustache 
18/03/2017 12:18:41 AM : Inserting new word: side 
18/03/2017 12:18:56 AM : Inserting new word: gather up 
18/03/2017 12:40:31 AM : New mail sent tojavimate19@hotmail.es
18/03/2017 02:40:40 PM : javi has logged in
18/03/2017 02:41:45 PM : Inserting new word: scent 
18/03/2017 02:42:52 PM : Inserting new word: sprinkle 
18/03/2017 02:44:28 PM : Inserting new word: charm 
18/03/2017 02:45:49 PM : Inserting new word: biased 
18/03/2017 02:47:09 PM : Inserting new word: push aside 
18/03/2017 02:48:01 PM : Inserting new word: dissemble 
18/03/2017 02:48:41 PM : Inserting new word: needless 
18/03/2017 02:50:08 PM : Inserting new word: swallow up 
18/03/2017 02:51:34 PM : Inserting new word: hamper 
18/03/2017 02:52:43 PM : Inserting new word: crumb 
18/03/2017 02:53:48 PM : Inserting new word: flick off 
18/03/2017 02:54:11 PM : Inserting new word: waistcoat 
18/03/2017 02:55:19 PM : Inserting new word: drag along 
18/03/2017 02:56:04 PM : Inserting new word: unclasp 
18/03/2017 02:56:50 PM : Inserting new word: ask in 
18/03/2017 02:57:53 PM : Inserting new word: widow, widower 
18/03/2017 02:59:04 PM : Inserting new word: briskly 
18/03/2017 02:59:46 PM : Inserting new word: falsehood 
18/03/2017 03:00:28 PM : Inserting new word: stride 
19/03/2017 11:45:02 AM : javi has logged in
19/03/2017 11:57:39 AM : Inserting new word: braids (USA), plaits (UK) 
19/03/2017 11:58:26 AM : Inserting new word: broth 
19/03/2017 12:00:47 PM : Inserting new word: stern 
19/03/2017 12:03:15 PM : Inserting new word: twitch 
19/03/2017 12:05:32 PM : Inserting new word: slam 
19/03/2017 12:08:25 PM : Inserting new word: atone, make amends for 
19/03/2017 12:09:02 PM : Inserting new word: stagger 
19/03/2017 12:10:01 PM : Inserting new word: broaden 
19/03/2017 12:11:04 PM : Inserting new word: swell 
19/03/2017 12:11:41 PM : Inserting new word: hatred 
19/03/2017 12:12:32 PM : Inserting new word: scoundrel 
19/03/2017 12:13:03 PM : Inserting new word: mistress 
19/03/2017 12:14:04 PM : Inserting new word: wound up 
19/03/2017 12:14:59 PM : Inserting new word: wound up 
19/03/2017 12:15:46 PM : Inserting new word: soothing 
19/03/2017 12:16:28 PM : Inserting new word: soothe 
19/03/2017 10:54:26 PM : javi has logged in
19/03/2017 10:56:08 PM : Inserting new word: petticoat 
19/03/2017 10:57:08 PM : Inserting new word: gown, dressing gown(UK) 
19/03/2017 10:58:37 PM : Inserting new word: bow 
19/03/2017 10:59:13 PM : Inserting new word: wont 
19/03/2017 11:00:04 PM : Inserting new word: adjournment 
19/03/2017 11:01:44 PM : Inserting new word: adjourn 
19/03/2017 11:02:38 PM : Inserting new word: follow sb out 
19/03/2017 11:05:28 PM : Inserting new word: leave off 
19/03/2017 11:06:30 PM : Inserting new word: abashed 
19/03/2017 11:07:38 PM : Inserting new word: gilt 
19/03/2017 11:08:33 PM : Inserting new word: be fated to 
19/03/2017 11:10:26 PM : Inserting new word: bestow 
19/03/2017 11:11:26 PM : New mail sent tojavimate19@hotmail.es
22/03/2017 10:00:54 PM : javi has logged in
22/03/2017 10:04:19 PM : Inserting new word: boo, jeer (formal) 
22/03/2017 10:07:29 PM : Inserting new word: mourn 
22/03/2017 10:11:17 PM : javi has logged in
22/03/2017 10:12:10 PM : Deleting word: accommodation 
22/03/2017 10:16:42 PM : javi has logged in
22/03/2017 10:18:40 PM : Inserting new word: squander 
22/03/2017 10:21:32 PM : javi has logged in
22/03/2017 10:23:16 PM : Inserting new word: horror-struck 
22/03/2017 10:24:57 PM : Inserting new word: frosty 
22/03/2017 10:26:32 PM : Inserting new word: bushy 
22/03/2017 10:28:51 PM : Inserting new word: burden 
22/03/2017 10:29:21 PM : Inserting new word: be a burden 
22/03/2017 10:30:48 PM : Inserting new word: attire 
22/03/2017 10:31:26 PM : Inserting new word: clank 
22/03/2017 10:32:53 PM : Inserting new word: sled (USA), sledge(UK) 
22/03/2017 10:33:49 PM : Inserting new word: awe 
22/03/2017 10:34:14 PM : Inserting new word: awe 
22/03/2017 10:34:50 PM : Inserting new word: push off 
22/03/2017 10:35:33 PM : Inserting new word: charm 
22/03/2017 10:36:23 PM : Inserting new word: shelter 
22/03/2017 10:37:21 PM : Inserting new word: wrinkle 
22/03/2017 10:38:16 PM : Inserting new word: stumble 
22/03/2017 10:39:02 PM : Inserting new word: stumble on 
22/03/2017 10:40:02 PM : Inserting new word: scarcely 
22/03/2017 10:40:37 PM : Inserting new word: entrepreneur 
22/03/2017 10:42:18 PM : Inserting new word: tilt 
22/03/2017 10:44:27 PM : Inserting new word: despair 
22/03/2017 10:44:56 PM : Inserting new word: despair 
22/03/2017 11:16:47 PM : Inserting new word: bedeck 
22/03/2017 11:17:14 PM : Inserting new word: ribbon 
22/03/2017 11:27:41 PM : Inserting new word: velvet 
22/03/2017 11:30:03 PM : Inserting new word: chime in 
22/03/2017 11:32:24 PM : Inserting new word: restrain 
22/03/2017 11:32:46 PM : Inserting new word: restrain oneself 
22/03/2017 11:33:34 PM : Inserting new word: dart 
22/03/2017 11:38:22 PM : Inserting new word: quiver 
22/03/2017 11:39:08 PM : Inserting new word: quake 
22/03/2017 11:39:51 PM : Inserting new word: shiver 
22/03/2017 11:41:04 PM : Inserting new word: shudder 
22/03/2017 11:45:57 PM : Inserting new word: crumple 
22/03/2017 11:47:42 PM : Inserting new word: cork 
22/03/2017 11:48:21 PM : Inserting new word: straighten 
22/03/2017 11:49:30 PM : Inserting new word: hairpin 
22/03/2017 11:50:18 PM : Inserting new word: sparkling 
22/03/2017 11:51:07 PM : Inserting new word: ill at ease 
22/03/2017 11:52:08 PM : Inserting new word: saucer 
22/03/2017 11:53:55 PM : Inserting new word: declaim 
22/03/2017 11:54:53 PM : Inserting new word: blink 
22/03/2017 11:55:23 PM : Inserting new word: clairvoyance 
22/03/2017 11:55:56 PM : Inserting new word: frank 
22/03/2017 11:56:51 PM : Inserting new word: force back 
22/03/2017 11:58:12 PM : Inserting new word: curse 
22/03/2017 11:58:30 PM : Inserting new word: witch 
22/03/2017 11:58:56 PM : Inserting new word: toad 
22/03/2017 11:59:24 PM : Inserting new word: bitterly 
23/03/2017 12:00:38 AM : New mail sent tojavimate19@hotmail.es
23/03/2017 08:55:39 PM : javi has logged in
23/03/2017 09:09:39 PM : Inserting new word: tipsy 
23/03/2017 09:10:56 PM : Inserting new word: desecrate 
23/03/2017 09:13:23 PM : Inserting new word: take in 
23/03/2017 09:14:15 PM : Inserting new word: wear out 
23/03/2017 09:14:54 PM : Inserting new word: pull one's leg 
23/03/2017 09:16:25 PM : Inserting new word: take your hat off 
23/03/2017 09:18:24 PM : Inserting new word: stand down 
23/03/2017 09:20:39 PM : Inserting new word: vote down 
23/03/2017 09:21:50 PM : Inserting new word: vote through 
23/03/2017 10:50:04 PM : javi has logged in
23/03/2017 10:51:40 PM : Inserting new word: rejoice 
23/03/2017 10:51:55 PM : Inserting new word: uneasiness 
23/03/2017 10:53:38 PM : Inserting new word: mist 
23/03/2017 10:56:44 PM : Inserting new word: cloud over 
23/03/2017 10:58:07 PM : Inserting new word: care for 
23/03/2017 11:00:22 PM : Inserting new word: entreaty 
23/03/2017 11:01:07 PM : Inserting new word: plea 
23/03/2017 11:02:15 PM : Inserting new word: rapture 
23/03/2017 11:04:19 PM : Inserting new word: shell out 
23/03/2017 11:07:04 PM : Inserting new word: live through 
23/03/2017 11:07:52 PM : Inserting new word: draw on 
23/03/2017 11:19:19 PM : javi has logged in
23/03/2017 11:28:14 PM : javi has logged in
23/03/2017 11:35:36 PM : javi has logged in
25/03/2017 09:45:06 AM : javi has logged in
25/03/2017 09:45:30 AM : Inserting new word: abashed 
25/03/2017 09:52:35 AM : javi has logged in
25/03/2017 09:53:25 AM : javi has logged in
25/03/2017 09:53:33 AM : Deleting word: abashed 
25/03/2017 09:58:15 AM : javi has logged in
25/03/2017 09:58:29 AM : Inserting new word: abashed 
25/03/2017 09:58:45 AM : Deleting word: abashed 
25/03/2017 10:01:47 AM : javi has logged in
25/03/2017 10:02:13 AM : Inserting new word: abashed 
25/03/2017 10:02:30 AM : Deleting word: abashed 
25/03/2017 10:02:34 AM : New mail sent tojavimate19@hotmail.es
25/03/2017 10:09:06 AM : javi has logged in
25/03/2017 10:09:18 AM : Inserting new word: abashed 
25/03/2017 10:17:22 AM : javi has logged in
25/03/2017 10:17:39 AM : Inserting new word: abashed 
25/03/2017 10:18:23 AM : javi has logged in
25/03/2017 10:32:01 AM : Inserting new word: downcast 
25/03/2017 10:33:11 AM : Inserting new word: sallow 
25/03/2017 10:34:26 AM : Inserting new word: ailing 
25/03/2017 10:35:35 AM : Inserting new word: bliss 
25/03/2017 10:36:51 AM : Inserting new word: hold out sth 
25/03/2017 10:37:22 AM : Inserting new word: sniff 
25/03/2017 10:38:54 AM : Inserting new word: peasant 
25/03/2017 10:39:28 AM : Inserting new word: countryside 
25/03/2017 10:42:38 AM : Inserting new word: curtsy, curtsey 
25/03/2017 10:43:51 AM : Inserting new word: bustle 
25/03/2017 10:45:40 AM : Inserting new word: fidgety 
25/03/2017 10:46:21 AM : Inserting new word: reverie 
25/03/2017 10:49:12 AM : Inserting new word: rouse 
25/03/2017 10:50:51 AM : Inserting new word: live in 
25/03/2017 11:08:54 AM : new number of options
25/03/2017 11:09:29 AM : new number of options
25/03/2017 11:09:46 AM : new number of options
25/03/2017 11:10:06 AM : javi has logged in
25/03/2017 11:12:19 AM : javi has logged in
25/03/2017 11:17:02 AM : javi has logged in
25/03/2017 11:17:08 AM : new number of options
25/03/2017 11:17:19 AM : javi has logged in
